2021-05-27T00:57:52.992Z - error: [object Object]
2021-05-27T00:57:53.188Z - error: [object Object]
2021-05-27T02:05:31.861Z - error: [object Object]
2021-05-27T02:05:32.078Z - error: [object Object]
2021-05-27T02:05:32.141Z - error: [object Object]
2021-05-27T02:05:32.151Z - error: [object Object]
2021-05-27T02:05:44.102Z - error: [object Object]
2021-05-27T02:05:44.298Z - error: [object Object]
2021-05-27T02:05:44.370Z - error: [object Object]
2021-05-27T02:06:03.925Z - error: [object Object]
2021-05-27T02:06:04.139Z - error: [object Object]
2021-05-27T02:06:12.096Z - error: [object Object]
2021-05-27T02:06:19.741Z - error: [object Object]
2021-05-27T02:06:27.413Z - error: [object Object]
2021-05-27T02:06:35.028Z - error: [object Object]
2021-05-27T02:06:42.658Z - error: [object Object]
2021-05-27T02:06:50.282Z - error: [object Object]
2021-05-27T02:06:57.877Z - error: [object Object]
2021-05-27T02:07:05.485Z - error: [object Object]
2021-05-27T02:07:13.103Z - error: [object Object]
2021-05-27T02:07:20.746Z - error: [object Object]
2021-05-27T02:07:28.334Z - error: [object Object]
2021-05-27T02:07:35.933Z - error: [object Object]
2021-05-27T02:07:43.529Z - error: [object Object]
2021-05-27T02:07:51.176Z - error: [object Object]
2021-05-27T02:07:58.789Z - error: [object Object]
2021-05-27T02:08:06.403Z - error: [object Object]
2021-05-27T02:08:14.001Z - error: [object Object]
2021-05-27T02:08:21.594Z - error: [object Object]
2021-05-27T02:08:29.197Z - error: [object Object]
2021-05-27T02:08:36.852Z - error: [object Object]
2021-05-27T02:08:44.509Z - error: [object Object]
2021-05-27T02:08:52.113Z - error: [object Object]
2021-05-27T02:08:59.696Z - error: [object Object]
2021-05-27T02:09:07.315Z - error: [object Object]
2021-05-27T02:09:14.941Z - error: [object Object]
2021-05-27T02:09:22.562Z - error: [object Object]
2021-05-27T02:09:30.168Z - error: [object Object]
2021-05-27T02:09:37.765Z - error: [object Object]
2021-05-27T02:09:45.390Z - error: [object Object]
2021-05-27T02:09:52.994Z - error: [object Object]
2021-05-27T02:10:00.615Z - error: [object Object]
2021-05-27T02:10:08.221Z - error: [object Object]
2021-05-27T02:10:15.902Z - error: [object Object]
2021-05-27T02:10:23.557Z - error: [object Object]
2021-05-27T02:10:31.187Z - error: [object Object]
2021-05-27T02:10:38.783Z - error: [object Object]
2021-05-27T02:10:46.397Z - error: [object Object]
2021-05-27T02:10:54.012Z - error: [object Object]
2021-05-27T02:11:01.660Z - error: [object Object]
2021-05-27T02:11:09.272Z - error: [object Object]
2021-05-27T02:11:16.866Z - error: [object Object]
2021-05-27T02:11:24.472Z - error: [object Object]
2021-05-27T02:11:32.114Z - error: [object Object]
2021-05-27T02:11:39.763Z - error: [object Object]
2021-05-27T02:11:47.400Z - error: [object Object]
2021-05-27T02:11:55.029Z - error: [object Object]
2021-05-27T02:12:02.653Z - error: [object Object]
2021-05-27T02:12:10.282Z - error: [object Object]
2021-05-27T02:12:17.888Z - error: [object Object]
2021-05-27T02:12:25.495Z - error: [object Object]
2021-05-27T02:12:33.103Z - error: [object Object]
2021-05-27T02:12:40.708Z - error: [object Object]
2021-05-27T02:12:48.320Z - error: [object Object]
2021-05-27T02:12:55.971Z - error: [object Object]
2021-05-27T02:13:03.618Z - error: [object Object]
2021-05-27T02:13:11.238Z - error: [object Object]
2021-05-27T02:13:18.869Z - error: [object Object]
2021-05-27T02:13:26.530Z - error: [object Object]
2021-05-27T02:13:34.158Z - error: [object Object]
2021-05-27T02:13:41.783Z - error: [object Object]
2021-05-27T02:13:49.381Z - error: [object Object]
2021-05-27T02:13:56.985Z - error: [object Object]
2021-05-27T02:14:04.599Z - error: [object Object]
2021-05-27T02:14:12.191Z - error: [object Object]
2021-05-27T02:14:19.791Z - error: [object Object]
2021-05-27T02:14:27.410Z - error: [object Object]
2021-05-27T02:14:35.023Z - error: [object Object]
2021-05-27T02:14:42.659Z - error: [object Object]
2021-05-27T02:14:50.308Z - error: [object Object]
2021-05-27T02:14:57.929Z - error: [object Object]
2021-05-27T02:15:07.258Z - error: [object Object]
2021-05-27T02:15:15.591Z - error: [object Object]
2021-05-27T02:15:15.753Z - error: [object Object]
2021-05-27T02:15:23.408Z - error: [object Object]
2021-05-27T02:15:31.084Z - error: [object Object]
2021-05-27T02:15:38.742Z - error: [object Object]
2021-05-27T02:15:46.414Z - error: [object Object]
2021-05-27T02:15:54.039Z - error: [object Object]
2021-05-27T02:16:01.694Z - error: [object Object]
2021-05-27T02:16:09.327Z - error: [object Object]
2021-05-27T02:16:16.942Z - error: [object Object]
2021-05-27T02:16:24.549Z - error: [object Object]
2021-05-27T02:16:32.148Z - error: [object Object]
2021-05-27T02:16:39.750Z - error: [object Object]
2021-05-27T02:16:47.362Z - error: [object Object]
2021-05-27T02:16:55.038Z - error: [object Object]
2021-05-27T02:17:02.659Z - error: [object Object]
2021-05-27T02:17:10.279Z - error: [object Object]
2021-05-27T02:17:17.924Z - error: [object Object]
2021-05-27T02:17:25.515Z - error: [object Object]
2021-05-27T02:17:33.129Z - error: [object Object]
2021-05-27T02:17:40.767Z - error: [object Object]
2021-05-27T02:17:48.372Z - error: [object Object]
2021-05-27T02:17:55.979Z - error: [object Object]
2021-05-27T02:18:03.600Z - error: [object Object]
2021-05-27T02:18:11.212Z - error: [object Object]
2021-05-27T02:18:18.829Z - error: [object Object]
2021-05-27T02:18:26.480Z - error: [object Object]
2021-05-27T02:18:34.101Z - error: [object Object]
2021-05-27T02:18:41.704Z - error: [object Object]
2021-05-27T02:18:49.320Z - error: [object Object]
2021-05-27T02:18:56.934Z - error: [object Object]
2021-05-27T02:19:04.522Z - error: [object Object]
2021-05-27T02:19:12.184Z - error: [object Object]
2021-05-27T02:19:19.833Z - error: [object Object]
2021-05-27T02:19:27.424Z - error: [object Object]
2021-05-27T02:19:35.003Z - error: [object Object]
2021-05-27T02:19:42.593Z - error: [object Object]
2021-05-27T02:19:50.195Z - error: [object Object]
2021-05-27T02:19:57.792Z - error: [object Object]
2021-05-27T02:20:05.390Z - error: [object Object]
2021-05-27T02:20:13.090Z - error: [object Object]
2021-05-27T02:20:20.719Z - error: [object Object]
2021-05-27T02:20:28.305Z - error: [object Object]
2021-05-27T02:20:35.920Z - error: [object Object]
2021-05-27T02:20:43.553Z - error: [object Object]
2021-05-27T02:20:51.176Z - error: [object Object]
2021-05-27T02:20:58.825Z - error: [object Object]
2021-05-27T02:21:06.435Z - error: [object Object]
2021-05-27T02:21:14.081Z - error: [object Object]
2021-05-27T02:21:21.743Z - error: [object Object]
2021-05-27T02:21:29.335Z - error: [object Object]
2021-05-27T02:21:36.935Z - error: [object Object]
2021-05-27T02:21:44.567Z - error: [object Object]
2021-05-27T02:21:52.165Z - error: [object Object]
2021-05-27T02:21:59.763Z - error: [object Object]
2021-05-27T02:22:07.399Z - error: [object Object]
2021-05-27T02:22:15.043Z - error: [object Object]
2021-05-27T02:22:22.739Z - error: [object Object]
2021-05-27T02:22:30.376Z - error: [object Object]
2021-05-27T02:22:37.977Z - error: [object Object]
2021-05-27T02:22:45.603Z - error: [object Object]
2021-05-27T02:22:53.228Z - error: [object Object]
2021-05-27T02:23:00.848Z - error: [object Object]
2021-05-27T02:23:08.448Z - error: [object Object]
2021-05-27T02:23:16.070Z - error: [object Object]
2021-05-27T02:23:23.649Z - error: [object Object]
2021-05-27T02:23:31.290Z - error: [object Object]
2021-05-27T02:23:38.939Z - error: [object Object]
2021-05-27T02:23:46.553Z - error: [object Object]
2021-05-27T02:23:54.173Z - error: [object Object]
2021-05-27T02:24:01.849Z - error: [object Object]
2021-05-27T02:24:09.461Z - error: [object Object]
2021-05-27T02:24:17.099Z - error: [object Object]
2021-05-27T02:24:24.736Z - error: [object Object]
2021-05-27T02:24:32.360Z - error: [object Object]
2021-05-27T02:24:40.013Z - error: [object Object]
2021-05-27T02:24:47.614Z - error: [object Object]
2021-05-27T02:24:55.212Z - error: [object Object]
2021-05-27T02:25:05.468Z - error: [object Object]
2021-05-27T02:25:05.683Z - error: [object Object]
2021-05-27T02:25:14.202Z - error: [object Object]
2021-05-27T02:25:21.869Z - error: [object Object]
2021-05-27T02:25:29.553Z - error: [object Object]
2021-05-27T02:25:37.267Z - error: [object Object]
2021-05-27T02:25:44.990Z - error: [object Object]
2021-05-27T02:25:52.704Z - error: [object Object]
2021-05-27T02:26:00.327Z - error: [object Object]
2021-05-27T02:26:07.940Z - error: [object Object]
2021-05-27T02:26:15.543Z - error: [object Object]
2021-05-27T02:26:23.160Z - error: [object Object]
2021-05-27T02:26:30.789Z - error: [object Object]
2021-05-27T02:26:38.397Z - error: [object Object]
2021-05-27T02:26:46.037Z - error: [object Object]
2021-05-27T02:26:53.691Z - error: [object Object]
2021-05-27T02:27:01.340Z - error: [object Object]
2021-05-27T02:27:08.975Z - error: [object Object]
2021-05-27T02:27:16.586Z - error: [object Object]
2021-05-27T02:27:24.191Z - error: [object Object]
2021-05-27T02:27:31.802Z - error: [object Object]
2021-05-27T02:27:39.415Z - error: [object Object]
2021-05-27T02:27:47.018Z - error: [object Object]
2021-05-27T02:27:54.624Z - error: [object Object]
2021-05-27T02:28:02.238Z - error: [object Object]
2021-05-27T02:28:09.850Z - error: [object Object]
2021-05-27T02:28:17.482Z - error: [object Object]
2021-05-27T02:28:25.104Z - error: [object Object]
2021-05-27T02:28:32.718Z - error: [object Object]
2021-05-27T02:28:40.345Z - error: [object Object]
2021-05-27T02:28:47.960Z - error: [object Object]
2021-05-27T02:28:55.557Z - error: [object Object]
2021-05-27T02:29:03.146Z - error: [object Object]
2021-05-27T02:29:10.763Z - error: [object Object]
2021-05-27T02:29:18.368Z - error: [object Object]
2021-05-27T02:29:25.974Z - error: [object Object]
2021-05-27T02:29:33.587Z - error: [object Object]
2021-05-27T02:29:41.238Z - error: [object Object]
2021-05-27T02:29:48.914Z - error: [object Object]
2021-05-27T02:29:56.527Z - error: [object Object]
2021-05-27T02:30:04.156Z - error: [object Object]
2021-05-27T02:30:11.766Z - error: [object Object]
2021-05-27T02:30:19.367Z - error: [object Object]
2021-05-27T02:30:26.966Z - error: [object Object]
2021-05-27T02:30:34.589Z - error: [object Object]
2021-05-27T02:30:42.173Z - error: [object Object]
2021-05-27T02:30:49.762Z - error: [object Object]
2021-05-27T02:30:57.358Z - error: [object Object]
2021-05-27T02:31:04.961Z - error: [object Object]
2021-05-27T02:31:12.595Z - error: [object Object]
2021-05-27T02:31:20.204Z - error: [object Object]
2021-05-27T02:31:28.565Z - error: [object Object]
2021-05-27T02:31:36.269Z - error: [object Object]
2021-05-27T02:31:43.914Z - error: [object Object]
2021-05-27T02:31:51.530Z - error: [object Object]
2021-05-27T02:31:59.593Z - error: [object Object]
2021-05-27T02:31:59.772Z - error: [object Object]
2021-05-27T02:32:08.247Z - error: [object Object]
2021-05-27T02:32:15.916Z - error: [object Object]
2021-05-27T02:32:23.540Z - error: [object Object]
2021-05-27T02:32:31.141Z - error: [object Object]
2021-05-27T02:32:38.753Z - error: [object Object]
2021-05-27T02:32:46.393Z - error: [object Object]
2021-05-27T02:32:54.034Z - error: [object Object]
2021-05-27T02:33:01.692Z - error: [object Object]
2021-05-27T02:33:09.301Z - error: [object Object]
2021-05-27T02:33:16.926Z - error: [object Object]
2021-05-27T02:33:24.533Z - error: [object Object]
2021-05-27T02:33:32.127Z - error: [object Object]
2021-05-27T02:33:39.739Z - error: [object Object]
2021-05-27T02:33:47.357Z - error: [object Object]
2021-05-27T02:33:54.974Z - error: [object Object]
2021-05-27T02:34:03.464Z - error: [object Object]
2021-05-27T02:34:03.643Z - error: [object Object]
2021-05-27T02:34:28.404Z - error: [object Object]
2021-05-27T02:34:28.599Z - error: [object Object]
2021-05-27T02:34:56.405Z - error: [object Object]
2021-05-27T02:34:56.585Z - error: [object Object]
2021-05-27T02:35:06.264Z - error: [object Object]
2021-05-27T02:35:06.479Z - error: [object Object]
2021-05-27T02:35:14.352Z - error: [object Object]
2021-05-27T02:35:22.048Z - error: [object Object]
2021-05-27T02:35:29.756Z - error: [object Object]
2021-05-27T02:35:38.401Z - error: [object Object]
2021-05-27T02:35:38.573Z - error: [object Object]
2021-05-27T02:35:46.280Z - error: [object Object]
2021-05-27T02:35:53.933Z - error: [object Object]
2021-05-27T02:36:01.631Z - error: [object Object]
2021-05-27T02:36:09.274Z - error: [object Object]
2021-05-27T02:36:16.870Z - error: [object Object]
2021-05-27T02:36:24.480Z - error: [object Object]
2021-05-27T02:36:32.115Z - error: [object Object]
2021-05-27T02:36:39.723Z - error: [object Object]
2021-05-27T02:36:47.335Z - error: [object Object]
2021-05-27T02:36:54.999Z - error: [object Object]
2021-05-27T02:37:02.679Z - error: [object Object]
2021-05-27T02:37:10.292Z - error: [object Object]
2021-05-27T02:37:17.918Z - error: [object Object]
2021-05-27T02:37:45.783Z - error: [object Object]
2021-05-27T02:37:45.966Z - error: [object Object]
2021-05-27T02:37:54.341Z - error: [object Object]
2021-05-27T02:38:01.976Z - error: [object Object]
2021-05-27T02:38:09.593Z - error: [object Object]
2021-05-27T02:38:17.201Z - error: [object Object]
2021-05-27T02:38:24.818Z - error: [object Object]
2021-05-27T02:38:32.442Z - error: [object Object]
2021-05-27T02:38:40.061Z - error: [object Object]
2021-05-27T02:38:47.706Z - error: [object Object]
2021-05-27T02:38:55.335Z - error: [object Object]
2021-05-27T02:39:02.969Z - error: [object Object]
2021-05-27T02:40:18.690Z - error: Error 11.1 - Port Not Open
2021-05-27T02:40:26.305Z - error: Error 11.1 - Port Not Open
2021-05-27T02:40:33.909Z - error: Error 11.1 - Port Not Open
2021-05-27T02:40:42.360Z - error: Error 11.1 - Port Not Open
2021-05-27T02:40:42.538Z - error: Error 11.1 - Timed out
2021-05-27T02:40:50.314Z - error: Error 11.1 - Port Not Open
2021-05-27T02:40:57.916Z - error: Error 11.1 - Port Not Open
2021-05-27T02:41:05.520Z - error: Error 11.1 - Port Not Open
2021-05-27T02:41:13.177Z - error: Error 11.1 - Port Not Open
2021-05-27T02:41:20.866Z - error: Error 11.1 - Port Not Open
2021-05-27T02:41:28.495Z - error: Error 11.1 - Port Not Open
2021-05-27T02:41:36.092Z - error: Error 11.1 - Port Not Open
2021-05-27T02:41:43.713Z - error: Error 11.1 - Port Not Open
2021-05-27T02:41:51.320Z - error: Error 11.1 - Port Not Open
2021-05-27T02:41:58.985Z - error: Error 11.1 - Port Not Open
2021-05-27T02:42:06.581Z - error: Error 11.1 - Port Not Open
2021-05-27T02:42:14.192Z - error: Error 11.1 - Port Not Open
2021-05-27T02:42:22.133Z - error: Error 11.1 - Port Not Open
2021-05-27T02:42:22.315Z - error: Error 11.1 - Timed out
2021-05-27T02:42:40.340Z - error: Error 11.1 - Port Not Open
2021-05-27T02:42:40.535Z - error: Error 11.0 - Timed out
2021-05-27T02:45:54.474Z - error: Error 11.1 - Port Not Open
2021-05-27T02:46:02.245Z - error: Error 11.1 - Port Not Open
2021-05-27T02:46:09.843Z - error: Error 11.1 - Port Not Open
2021-05-27T02:46:17.445Z - error: Error 11.1 - Port Not Open
2021-05-27T02:46:25.044Z - error: Error 11.1 - Port Not Open
2021-05-27T02:46:32.652Z - error: Error 11.1 - Port Not Open
2021-05-27T02:46:40.256Z - error: Error 11.1 - Port Not Open
2021-05-27T02:46:47.874Z - error: Error 11.1 - Port Not Open
2021-05-27T02:47:12.414Z - error: Error 11.0 - Timed out
2021-05-27T02:47:12.464Z - error: Error 12.0 - Timed out
2021-05-27T02:47:21.623Z - error: Error 11.0 - Timed out
2021-05-27T02:47:30.272Z - error: Error 11.0 - Timed out
2021-05-27T02:47:38.937Z - error: Error 11.0 - Timed out
2021-05-27T02:47:47.637Z - error: Error 11.0 - Timed out
2021-05-27T02:47:56.358Z - error: Error 11.0 - Timed out
2021-05-27T02:48:05.022Z - error: Error 11.0 - Timed out
2021-05-27T02:48:13.692Z - error: Error 11.0 - Timed out
2021-05-27T02:48:22.380Z - error: Error 11.0 - Timed out
2021-05-27T02:48:31.045Z - error: Error 11.0 - Timed out
2021-05-27T02:48:39.688Z - error: Error 11.0 - Timed out
2021-05-27T02:48:48.449Z - error: Error 11.0 - Timed out
2021-05-27T02:48:57.165Z - error: Error 11.0 - Timed out
2021-05-27T02:49:05.900Z - error: Error 11.0 - Timed out
2021-05-27T02:49:14.592Z - error: Error 11.0 - Timed out
2021-05-27T02:49:23.324Z - error: Error 11.0 - Timed out
2021-05-27T02:49:31.999Z - error: Error 11.0 - Timed out
2021-05-27T02:49:40.717Z - error: Error 11.0 - Timed out
2021-05-27T02:49:49.380Z - error: Error 11.0 - Timed out
2021-05-27T02:50:11.403Z - error: Mcu not accept start sync
2021-05-27T02:50:11.461Z - error: Error 11.0 - Timed out
2021-05-27T02:50:11.469Z - error: Error 11.1 - Timed out
2021-05-27T02:50:11.488Z - error: Error 12.1 - Timed out
2021-05-27T02:50:20.349Z - error: Mcu not accept start sync
2021-05-27T02:50:20.409Z - error: Error 11.0 - Timed out
2021-05-27T02:50:20.416Z - error: Error 11.1 - Timed out
2021-05-27T02:50:20.434Z - error: Error 12.1 - Timed out
2021-05-27T02:50:29.023Z - error: Mcu not accept start sync
2021-05-27T02:50:29.084Z - error: Error 11.0 - Timed out
2021-05-27T02:50:29.091Z - error: Error 11.1 - Timed out
2021-05-27T02:50:29.110Z - error: Error 12.1 - Timed out
2021-05-27T02:50:37.704Z - error: Mcu not accept start sync
2021-05-27T02:50:37.766Z - error: Error 11.0 - Timed out
2021-05-27T02:50:37.773Z - error: Error 11.1 - Timed out
2021-05-27T02:50:37.791Z - error: Error 12.1 - Timed out
2021-05-27T02:50:46.387Z - error: Mcu not accept start sync
2021-05-27T02:50:46.438Z - error: Mcu not accept start sync
2021-05-27T02:50:46.447Z - error: Error 11.0 - Timed out
2021-05-27T02:50:46.472Z - error: Error 12.1 - Timed out
2021-05-27T02:50:55.074Z - error: Mcu not accept start sync
2021-05-27T02:50:55.135Z - error: Error 11.0 - Timed out
2021-05-27T02:50:55.144Z - error: Error 11.1 - Timed out
2021-05-27T02:50:55.160Z - error: Error 12.1 - Timed out
2021-05-27T02:51:03.766Z - error: Mcu not accept start sync
2021-05-27T02:51:03.826Z - error: Error 11.0 - Timed out
2021-05-27T02:51:03.833Z - error: Error 11.1 - Timed out
2021-05-27T02:51:03.852Z - error: Error 12.1 - Timed out
2021-05-27T02:51:12.469Z - error: Mcu not accept start sync
2021-05-27T02:51:12.530Z - error: Error 11.0 - Timed out
2021-05-27T02:51:12.537Z - error: Error 11.1 - Timed out
2021-05-27T02:51:12.556Z - error: Error 12.1 - Timed out
2021-05-27T02:51:21.174Z - error: Mcu not accept start sync
2021-05-27T02:51:21.235Z - error: Error 11.0 - Timed out
2021-05-27T02:51:21.240Z - error: Error 11.1 - Timed out
2021-05-27T02:51:21.259Z - error: Error 12.1 - Timed out
2021-05-27T02:51:29.866Z - error: Mcu not accept start sync
2021-05-27T02:51:29.927Z - error: Error 11.0 - Timed out
2021-05-27T02:51:29.933Z - error: Error 11.1 - Timed out
2021-05-27T02:51:29.951Z - error: Error 12.1 - Timed out
2021-05-27T02:51:38.552Z - error: Mcu not accept start sync
2021-05-27T02:51:38.612Z - error: Error 11.0 - Timed out
2021-05-27T02:51:38.619Z - error: Error 11.1 - Timed out
2021-05-27T02:51:38.637Z - error: Error 12.1 - Timed out
2021-05-27T02:51:47.214Z - error: Mcu not accept start sync
2021-05-27T02:51:47.276Z - error: Error 11.0 - Timed out
2021-05-27T02:51:47.284Z - error: Error 11.1 - Timed out
2021-05-27T02:51:47.302Z - error: Error 12.1 - Timed out
2021-05-27T02:52:03.442Z - error: Mcu not accept start sync
2021-05-27T02:52:03.496Z - error: Error 11.0 - Timed out
2021-05-27T02:52:03.504Z - error: Error 11.1 - Timed out
2021-05-27T02:52:03.526Z - error: Error 12.1 - Timed out
2021-05-27T02:52:12.359Z - error: Mcu not accept start sync
2021-05-27T02:52:12.420Z - error: Error 11.0 - Timed out
2021-05-27T02:52:12.427Z - error: Error 11.1 - Timed out
2021-05-27T02:52:20.827Z - error: Mcu not accept start sync
2021-05-27T02:52:20.888Z - error: Error 11.0 - Timed out
2021-05-27T02:52:20.893Z - error: Error 11.1 - Timed out
2021-05-27T02:52:20.913Z - error: Error 12.1 - Timed out
2021-05-27T02:52:29.303Z - error: Mcu not accept start sync
2021-05-27T02:52:29.361Z - error: Error 11.0 - Timed out
2021-05-27T02:52:29.369Z - error: Error 11.1 - Timed out
2021-05-27T02:52:29.388Z - error: Error 12.1 - Timed out
2021-05-27T02:52:38.259Z - error: Mcu not accept start sync
2021-05-27T02:52:38.316Z - error: Error 11.0 - Timed out
2021-05-27T02:52:38.323Z - error: Mcu not accept start sync
2021-05-27T02:52:38.344Z - error: Error 12.1 - Timed out
2021-05-27T02:53:03.296Z - error: Mcu not accept start sync
2021-05-27T02:53:03.354Z - error: Error 11.0 - Timed out
2021-05-27T02:53:03.362Z - error: Mcu not accept start sync
2021-05-27T02:53:03.379Z - error: Error 12.1 - Timed out
2021-05-27T02:53:11.957Z - error: Mcu not accept start sync
2021-05-27T02:53:12.019Z - error: Error 11.0 - Timed out
2021-05-27T02:53:12.026Z - error: Error 11.1 - Timed out
2021-05-27T02:53:12.044Z - error: Error 12.1 - Timed out
2021-05-27T02:53:20.434Z - error: Mcu not accept start sync
2021-05-27T02:53:20.495Z - error: Error 11.0 - Timed out
2021-05-27T02:53:20.502Z - error: Error 11.1 - Timed out
2021-05-27T02:53:20.520Z - error: Error 12.1 - Timed out
2021-05-27T02:53:28.937Z - error: Mcu not accept start sync
2021-05-27T02:53:28.993Z - error: Error 11.0 - Timed out
2021-05-27T02:53:29.001Z - error: Error 11.1 - Timed out
2021-05-27T02:53:29.021Z - error: Error 12.1 - Timed out
2021-05-27T02:53:43.785Z - error: Mcu not accept start sync
2021-05-27T02:53:43.843Z - error: Error 11.0 - Timed out
2021-05-27T02:53:43.849Z - error: Error 11.1 - Timed out
2021-05-27T02:53:43.869Z - error: Error 12.1 - Timed out
2021-05-27T02:53:44.456Z - error: Error 12.0 - Timed out
2021-05-27T02:53:44.479Z - error: Error 12.0 - Timed out
2021-05-27T02:53:44.504Z - error: Error 12.0 - Timed out
2021-05-27T02:53:44.530Z - error: Error 12.0 - Timed out
2021-05-27T02:53:44.558Z - error: Error 12.0 - Timed out
2021-05-27T02:53:44.580Z - error: Error 12.0 - Timed out
2021-05-27T02:53:44.605Z - error: Error 12.0 - Timed out
2021-05-27T02:53:44.633Z - error: Error 12.0 - Timed out
2021-05-27T02:53:44.657Z - error: Error 12.0 - Timed out
2021-05-27T02:53:44.683Z - error: Error 12.0 - Timed out
2021-05-27T02:53:44.707Z - error: Error 12.0 - Timed out
2021-05-27T02:53:44.734Z - error: Error 12.0 - Timed out
2021-05-27T02:53:44.760Z - error: Error 12.0 - Timed out
2021-05-27T02:53:44.785Z - error: Error 12.0 - Timed out
2021-05-27T02:53:44.810Z - error: Error 12.0 - Timed out
2021-05-27T02:53:44.836Z - error: Error 12.0 - Timed out
2021-05-27T02:53:44.862Z - error: Error 12.0 - Timed out
2021-05-27T02:53:44.887Z - error: Error 12.0 - Timed out
2021-05-27T02:53:44.913Z - error: Error 12.0 - Timed out
2021-05-27T02:53:44.940Z - error: Error 1: [object Object]
2021-05-27T02:53:44.944Z - error: Error 2: [object Object]
2021-05-27T02:53:44.965Z - error: Error 1: [object Object]
2021-05-27T02:53:44.989Z - error: Error 1: [object Object]
2021-05-27T02:53:45.016Z - error: Error 1: [object Object]
2021-05-27T02:53:45.042Z - error: Error 1: [object Object]
2021-05-27T02:53:45.067Z - error: Error 1: [object Object]
2021-05-27T02:53:45.091Z - error: Error 1: [object Object]
2021-05-27T02:53:45.117Z - error: Error 1: [object Object]
2021-05-27T02:53:45.142Z - error: Error 1: [object Object]
2021-05-27T02:53:45.166Z - error: Error 1: [object Object]
2021-05-27T02:53:45.194Z - error: Error 1: [object Object]
2021-05-27T02:53:45.226Z - error: Error 1: [object Object]
2021-05-27T02:53:45.231Z - error: Mcu not accept get config data
2021-05-27T02:53:45.244Z - error: Error 1: [object Object]
2021-05-27T02:53:45.253Z - error: Mcu not accept get config data
2021-05-27T02:53:45.269Z - error: Error 1: [object Object]
2021-05-27T02:53:45.277Z - error: Mcu not accept get config data
2021-05-27T02:53:45.309Z - error: Error 1: [object Object]
2021-05-27T02:53:45.311Z - error: Error 2: [object Object]
2021-05-27T02:53:45.634Z - error: Error 1: SyntaxError: Unexpected token t in JSON at position 1
2021-05-27T02:53:45.659Z - error: Error 1: SyntaxError: Unexpected token t in JSON at position 1
2021-05-27T02:53:45.687Z - error: Error 1: SyntaxError: Unexpected token t in JSON at position 1
2021-05-27T02:53:45.743Z - error: Mcu not accept get config data
2021-05-27T02:53:45.866Z - error: Error 1: [object Object]
2021-05-27T02:53:45.893Z - error: Error 1: [object Object]
2021-05-27T02:53:45.919Z - error: Error 1: [object Object]
2021-05-27T02:53:45.944Z - error: Error 1: [object Object]
2021-05-27T02:53:45.970Z - error: Error 1: [object Object]
2021-05-27T02:53:45.995Z - error: Error 1: [object Object]
2021-05-27T02:53:46.021Z - error: Error 1: [object Object]
2021-05-27T02:53:46.046Z - error: Error 1: [object Object]
2021-05-27T02:53:46.048Z - error: Error 2: [object Object]
2021-05-27T02:53:46.072Z - error: Error 1: [object Object]
2021-05-27T02:53:46.095Z - error: Error 1: [object Object]
2021-05-27T02:53:46.121Z - error: Error 1: [object Object]
2021-05-27T02:53:46.145Z - error: Error 1: [object Object]
2021-05-27T02:53:46.172Z - error: Error 1: [object Object]
2021-05-27T02:53:46.197Z - error: Error 1: [object Object]
2021-05-27T02:53:46.223Z - error: Error 1: [object Object]
2021-05-27T02:53:46.249Z - error: Error 1: [object Object]
2021-05-27T02:53:46.275Z - error: Error 1: [object Object]
2021-05-27T02:53:46.302Z - error: Error 1: [object Object]
2021-05-27T02:53:46.303Z - error: Error 2: [object Object]
2021-05-27T02:53:46.326Z - error: Error 1: [object Object]
2021-05-27T02:53:46.352Z - error: Error 1: [object Object]
2021-05-27T02:53:46.377Z - error: Error 1: [object Object]
2021-05-27T02:53:46.379Z - error: Error 2: [object Object]
2021-05-27T02:53:46.401Z - error: Error 1: [object Object]
2021-05-27T02:53:46.425Z - error: Error 1: [object Object]
2021-05-27T02:53:46.452Z - error: Error 1: [object Object]
2021-05-27T02:53:46.476Z - error: Error 1: [object Object]
2021-05-27T02:53:46.502Z - error: Error 1: [object Object]
2021-05-27T02:53:46.527Z - error: Error 1: [object Object]
2021-05-27T02:53:46.579Z - error: Error 1: [object Object]
2021-05-27T02:53:46.604Z - error: Error 1: [object Object]
2021-05-27T02:53:46.630Z - error: Error 1: [object Object]
2021-05-27T02:53:46.656Z - error: Error 1: [object Object]
2021-05-27T02:53:46.682Z - error: Error 1: [object Object]
2021-05-27T02:53:46.707Z - error: Error 1: [object Object]
2021-05-27T02:53:46.709Z - error: Error 2: [object Object]
2021-05-27T02:53:46.731Z - error: Error 1: [object Object]
2021-05-27T02:53:46.758Z - error: Error 1: [object Object]
2021-05-27T02:53:46.761Z - error: Error 2: [object Object]
2021-05-27T02:53:46.783Z - error: Error 1: [object Object]
2021-05-27T02:53:46.834Z - error: Error 1: [object Object]
2021-05-27T02:53:46.860Z - error: Error 1: [object Object]
2021-05-27T02:53:46.911Z - error: Error 1: [object Object]
2021-05-27T02:53:46.914Z - error: Error 2: [object Object]
2021-05-27T02:53:46.935Z - error: Error 1: [object Object]
2021-05-27T02:53:46.962Z - error: Error 1: [object Object]
2021-05-27T02:53:46.966Z - error: Mcu not accept get config data
2021-05-27T02:53:46.987Z - error: Error 1: [object Object]
2021-05-27T02:53:47.014Z - error: Error 1: [object Object]
2021-05-27T02:53:47.033Z - error: Mcu not accept get config data
2021-05-27T02:53:47.039Z - error: Error 1: [object Object]
2021-05-27T02:53:47.042Z - error: Error 2: [object Object]
2021-05-27T02:53:47.090Z - error: Error 1: [object Object]
2021-05-27T02:53:47.095Z - error: Mcu not accept get config data
2021-05-27T02:53:47.141Z - error: Error 1: [object Object]
2021-05-27T02:53:47.145Z - error: Mcu not accept get config data
2021-05-27T02:53:47.165Z - error: Error 1: [object Object]
2021-05-27T02:53:47.223Z - error: Error 1: SyntaxError: Unexpected token t in JSON at position 1
2021-05-27T02:53:47.248Z - error: Error 1: SyntaxError: Unexpected token t in JSON at position 1
2021-05-27T02:53:47.275Z - error: Error 1: SyntaxError: Unexpected token t in JSON at position 1
2021-05-27T02:53:47.299Z - error: Error 1: SyntaxError: Unexpected token t in JSON at position 1
2021-05-27T02:53:47.350Z - error: Mcu not accept get config data
2021-05-27T02:53:47.375Z - error: Mcu not accept get config data
2021-05-27T02:53:47.400Z - error: Mcu not accept get config data
2021-05-27T02:53:47.426Z - error: Mcu not accept get config data
2021-05-27T02:53:47.475Z - error: Mcu not accept get config data
2021-05-27T02:53:47.504Z - error: Mcu not accept get config data
2021-05-27T02:53:47.531Z - error: Mcu not accept get config data
2021-05-27T02:53:47.557Z - error: Mcu not accept get config data
2021-05-27T02:53:47.584Z - error: Mcu not accept get config data
2021-05-27T02:53:47.706Z - error: Error 1: [object Object]
2021-05-27T02:53:47.732Z - error: Error 1: [object Object]
2021-05-27T02:53:47.757Z - error: Error 1: [object Object]
2021-05-27T02:53:47.784Z - error: Error 1: [object Object]
2021-05-27T02:53:47.808Z - error: Error 1: [object Object]
2021-05-27T02:53:47.835Z - error: Error 1: [object Object]
2021-05-27T02:53:47.857Z - error: Error 1: [object Object]
2021-05-27T02:53:47.884Z - error: Error 1: [object Object]
2021-05-27T02:53:47.909Z - error: Error 1: [object Object]
2021-05-27T02:53:47.935Z - error: Error 1: [object Object]
2021-05-27T02:53:47.961Z - error: Error 1: [object Object]
2021-05-27T02:53:47.986Z - error: Error 1: [object Object]
2021-05-27T02:53:48.012Z - error: Error 1: [object Object]
2021-05-27T02:53:48.039Z - error: Error 1: [object Object]
2021-05-27T02:53:48.064Z - error: Error 1: [object Object]
2021-05-27T02:53:48.090Z - error: Error 1: [object Object]
2021-05-27T02:53:48.116Z - error: Error 1: [object Object]
2021-05-27T02:53:48.142Z - error: Error 1: [object Object]
2021-05-27T02:53:48.168Z - error: Error 1: [object Object]
2021-05-27T02:53:48.194Z - error: Error 1: [object Object]
2021-05-27T02:53:48.219Z - error: Error 1: [object Object]
2021-05-27T02:53:48.244Z - error: Error 1: [object Object]
2021-05-27T02:53:48.269Z - error: Error 1: [object Object]
2021-05-27T02:53:48.274Z - error: Mcu not accept get config data
2021-05-27T02:53:48.294Z - error: Error 1: [object Object]
2021-05-27T02:53:48.299Z - error: Mcu not accept get config data
2021-05-27T02:53:48.319Z - error: Error 1: [object Object]
2021-05-27T02:53:48.324Z - error: Mcu not accept get config data
2021-05-27T02:53:48.344Z - error: Error 1: [object Object]
2021-05-27T02:53:48.349Z - error: Mcu not accept get config data
2021-05-27T02:53:48.374Z - error: Mcu not accept get config data
2021-05-27T02:53:48.400Z - error: Mcu not accept get config data
2021-05-27T02:53:48.425Z - error: Mcu not accept get config data
2021-05-27T02:53:48.452Z - error: Mcu not accept get config data
2021-05-27T02:53:48.477Z - error: Mcu not accept get config data
2021-05-27T02:53:48.502Z - error: Mcu not accept get config data
2021-05-27T02:53:48.529Z - error: Mcu not accept get config data
2021-05-27T02:53:48.554Z - error: Mcu not accept get config data
2021-05-27T02:53:48.580Z - error: Mcu not accept get config data
2021-05-27T02:53:48.606Z - error: Mcu not accept get config data
2021-05-27T02:53:48.632Z - error: Mcu not accept get config data
2021-05-27T02:53:48.642Z - error: Error 2: [object Object]
2021-05-27T02:53:48.658Z - error: Mcu not accept get config data
2021-05-27T02:53:48.669Z - error: Error 2: [object Object]
2021-05-27T02:53:48.708Z - error: Mcu not accept get config data
2021-05-27T02:53:48.733Z - error: Mcu not accept get config data
2021-05-27T02:53:48.764Z - error: Mcu not accept get config data
2021-05-27T02:53:48.794Z - error: Mcu not accept get config data
2021-05-27T02:53:48.816Z - error: Mcu not accept get config data
2021-05-27T02:53:48.822Z - error: Error 2: [object Object]
2021-05-27T02:53:48.867Z - error: Mcu not accept get config data
2021-05-27T02:53:48.898Z - error: Mcu not accept get config data
2021-05-27T02:53:48.924Z - error: Mcu not accept get config data
2021-05-27T02:53:48.950Z - error: Mcu not accept get config data
2021-05-27T02:53:48.976Z - error: Mcu not accept get config data
2021-05-27T02:53:49.002Z - error: Mcu not accept get config data
2021-05-27T02:53:49.028Z - error: Mcu not accept get config data
2021-05-27T02:53:49.130Z - error: Mcu not accept get config data
2021-05-27T02:53:49.157Z - error: Mcu not accept get config data
2021-05-27T02:53:49.182Z - error: Mcu not accept get config data
2021-05-27T02:53:49.202Z - error: Error 1: [object Object]
2021-05-27T02:53:49.209Z - error: Mcu not accept get config data
2021-05-27T02:53:49.260Z - error: Mcu not accept get config data
2021-05-27T02:53:49.285Z - error: Mcu not accept get config data
2021-05-27T02:53:49.310Z - error: Mcu not accept get config data
2021-05-27T02:53:49.336Z - error: Mcu not accept get config data
2021-05-27T02:53:49.362Z - error: Mcu not accept get config data
2021-05-27T02:53:49.388Z - error: Mcu not accept get config data
2021-05-27T02:53:49.412Z - error: Mcu not accept get config data
2021-05-27T02:53:49.463Z - error: Mcu not accept get config data
2021-05-27T02:53:49.490Z - error: Mcu not accept get config data
2021-05-27T02:53:49.515Z - error: Mcu not accept get config data
2021-05-27T02:53:49.533Z - error: Error 1: [object Object]
2021-05-27T02:53:49.541Z - error: Mcu not accept get config data
2021-05-27T02:53:49.568Z - error: Mcu not accept get config data
2021-05-27T02:53:49.594Z - error: Mcu not accept get config data
2021-05-27T02:53:49.640Z - error: Mcu not accept get config data
2021-05-27T02:53:49.670Z - error: Mcu not accept get config data
2021-05-27T02:53:49.694Z - error: Mcu not accept get config data
2021-05-27T02:53:49.713Z - error: Error 1: [object Object]
2021-05-27T02:53:49.722Z - error: Mcu not accept get config data
2021-05-27T02:53:49.735Z - error: Error 2: [object Object]
2021-05-27T02:53:49.748Z - error: Mcu not accept get config data
2021-05-27T02:53:49.760Z - error: Error 2: [object Object]
2021-05-27T02:53:49.773Z - error: Mcu not accept get config data
2021-05-27T02:53:49.786Z - error: Error 2: [object Object]
2021-05-27T02:53:49.798Z - error: Mcu not accept get config data
2021-05-27T02:53:49.811Z - error: Error 2: [object Object]
2021-05-27T02:53:49.854Z - error: Mcu not accept get config data
2021-05-27T02:53:49.861Z - error: Error 2: [object Object]
2021-05-27T02:53:49.901Z - error: Mcu not accept get config data
2021-05-27T02:53:49.927Z - error: Mcu not accept get config data
2021-05-27T02:53:49.963Z - error: Error 2: [object Object]
2021-05-27T02:53:49.971Z - error: Mcu not accept get config data
2021-05-27T02:53:50.003Z - error: Mcu not accept get config data
2021-05-27T02:53:50.028Z - error: Mcu not accept get config data
2021-05-27T02:53:50.054Z - error: Mcu not accept get config data
2021-05-27T02:53:50.059Z - error: Error 1: [object Object]
2021-05-27T02:53:50.065Z - error: Error 2: [object Object]
2021-05-27T02:53:50.118Z - error: Error 2: [object Object]
2021-05-27T02:53:50.247Z - error: Mcu not accept get config data
2021-05-27T02:53:50.298Z - error: Mcu not accept get config data
2021-05-27T02:53:50.323Z - error: Mcu not accept get config data
2021-05-27T02:53:50.350Z - error: Mcu not accept get config data
2021-05-27T02:53:50.400Z - error: Mcu not accept get config data
2021-05-27T02:53:50.425Z - error: Mcu not accept get config data
2021-05-27T02:53:50.451Z - error: Mcu not accept get config data
2021-05-27T02:53:50.502Z - error: Mcu not accept get config data
2021-05-27T02:53:50.553Z - error: Mcu not accept get config data
2021-05-27T02:53:50.579Z - error: Mcu not accept get config data
2021-05-27T02:53:50.604Z - error: Mcu not accept get config data
2021-05-27T02:53:50.630Z - error: Mcu not accept get config data
2021-05-27T02:53:50.656Z - error: Mcu not accept get config data
2021-05-27T02:53:50.682Z - error: Mcu not accept get config data
2021-05-27T02:53:50.708Z - error: Mcu not accept get config data
2021-05-27T02:53:50.735Z - error: Mcu not accept get config data
2021-05-27T02:53:50.761Z - error: Mcu not accept get config data
2021-05-27T02:53:50.786Z - error: Mcu not accept get config data
2021-05-27T02:53:50.811Z - error: Mcu not accept get config data
2021-05-27T02:53:50.836Z - error: Mcu not accept get config data
2021-05-27T02:53:50.863Z - error: Mcu not accept get config data
2021-05-27T02:53:50.889Z - error: Mcu not accept get config data
2021-05-27T02:53:50.915Z - error: Mcu not accept get config data
2021-05-27T02:53:50.939Z - error: Mcu not accept get config data
2021-05-27T02:53:50.964Z - error: Mcu not accept get config data
2021-05-27T02:53:50.990Z - error: Mcu not accept get config data
2021-05-27T02:53:51.016Z - error: Mcu not accept get config data
2021-05-27T02:53:51.041Z - error: Mcu not accept get config data
2021-05-27T02:53:51.067Z - error: Mcu not accept get config data
2021-05-27T02:53:51.092Z - error: Mcu not accept get config data
2021-05-27T02:53:51.120Z - error: Mcu not accept get config data
2021-05-27T02:53:51.144Z - error: Mcu not accept get config data
2021-05-27T02:53:51.170Z - error: Mcu not accept get config data
2021-05-27T02:53:51.197Z - error: Mcu not accept get config data
2021-05-27T02:53:51.221Z - error: Mcu not accept get config data
2021-05-27T02:53:51.249Z - error: Mcu not accept get config data
2021-05-27T02:53:51.275Z - error: Mcu not accept get config data
2021-05-27T02:53:51.301Z - error: Mcu not accept get config data
2021-05-27T02:53:51.326Z - error: Mcu not accept get config data
2021-05-27T02:53:51.352Z - error: Mcu not accept get config data
2021-05-27T02:53:51.380Z - error: Mcu not accept get config data
2021-05-27T02:53:51.403Z - error: Mcu not accept get config data
2021-05-27T02:53:51.430Z - error: Mcu not accept get config data
2021-05-27T02:53:51.455Z - error: Mcu not accept get config data
2021-05-27T02:53:51.480Z - error: Mcu not accept get config data
2021-05-27T02:53:51.505Z - error: Mcu not accept get config data
2021-05-27T02:53:51.530Z - error: Mcu not accept get config data
2021-05-27T02:53:51.555Z - error: Mcu not accept get config data
2021-05-27T02:53:51.581Z - error: Mcu not accept get config data
2021-05-27T02:53:51.607Z - error: Mcu not accept get config data
2021-05-27T02:53:51.634Z - error: Mcu not accept get config data
2021-05-27T02:53:51.660Z - error: Mcu not accept get config data
2021-05-27T02:53:51.685Z - error: Mcu not accept get config data
2021-05-27T02:53:51.711Z - error: Mcu not accept get config data
2021-05-27T02:53:51.736Z - error: Mcu not accept get config data
2021-05-27T02:53:51.763Z - error: Mcu not accept get config data
2021-05-27T02:53:51.789Z - error: Mcu not accept get config data
2021-05-27T02:53:51.815Z - error: Mcu not accept get config data
2021-05-27T02:53:51.840Z - error: Mcu not accept get config data
2021-05-27T02:53:51.973Z - error: Error 1: [object Object]
2021-05-27T02:53:51.990Z - error: Error 1: [object Object]
2021-05-27T02:53:51.999Z - error: Mcu not accept get config data
2021-05-27T02:53:52.016Z - error: Error 1: [object Object]
2021-05-27T02:53:52.024Z - error: Mcu not accept get config data
2021-05-27T02:53:52.040Z - error: Error 1: [object Object]
2021-05-27T02:53:52.047Z - error: Mcu not accept get config data
2021-05-27T02:53:52.074Z - error: Mcu not accept get config data
2021-05-27T02:53:52.076Z - error: Error 1: [object Object]
2021-05-27T02:53:52.099Z - error: Mcu not accept get config data
2021-05-27T02:53:52.125Z - error: Mcu not accept get config data
2021-05-27T02:53:52.151Z - error: Mcu not accept get config data
2021-05-27T02:53:52.177Z - error: Mcu not accept get config data
2021-05-27T02:53:52.202Z - error: Mcu not accept get config data
2021-05-27T02:53:52.227Z - error: Mcu not accept get config data
2021-05-27T02:53:52.253Z - error: Mcu not accept get config data
2021-05-27T02:53:52.279Z - error: Mcu not accept get config data
2021-05-27T02:53:52.304Z - error: Mcu not accept get config data
2021-05-27T02:53:52.329Z - error: Mcu not accept get config data
2021-05-27T02:53:52.355Z - error: Mcu not accept get config data
2021-05-27T02:53:52.380Z - error: Mcu not accept get config data
2021-05-27T02:53:52.405Z - error: Mcu not accept get config data
2021-05-27T02:53:52.430Z - error: Mcu not accept get config data
2021-05-27T02:53:52.455Z - error: Mcu not accept get config data
2021-05-27T02:53:52.587Z - error: Error 2: [object Object]
2021-05-27T02:53:52.589Z - error: Error 1: [object Object]
2021-05-27T02:53:52.607Z - error: Error 1: [object Object]
2021-05-27T02:53:52.633Z - error: Error 1: [object Object]
2021-05-27T02:53:52.660Z - error: Error 1: [object Object]
2021-05-27T02:53:52.684Z - error: Error 1: [object Object]
2021-05-27T02:53:52.710Z - error: Error 1: [object Object]
2021-05-27T02:53:52.735Z - error: Error 1: [object Object]
2021-05-27T02:53:52.762Z - error: Error 1: [object Object]
2021-05-27T02:53:52.786Z - error: Error 1: [object Object]
2021-05-27T02:53:52.812Z - error: Error 1: [object Object]
2021-05-27T02:53:52.837Z - error: Error 1: [object Object]
2021-05-27T02:53:52.864Z - error: Error 1: [object Object]
2021-05-27T02:53:52.888Z - error: Error 1: [object Object]
2021-05-27T02:53:52.914Z - error: Error 1: [object Object]
2021-05-27T02:53:52.941Z - error: Error 1: [object Object]
2021-05-27T02:53:52.966Z - error: Error 1: [object Object]
2021-05-27T02:53:52.991Z - error: Error 1: [object Object]
2021-05-27T02:53:53.016Z - error: Error 1: [object Object]
2021-05-27T02:53:53.041Z - error: Error 1: [object Object]
2021-05-27T02:53:53.068Z - error: Error 1: [object Object]
2021-05-27T02:53:53.118Z - error: Error 1: [object Object]
2021-05-27T02:53:53.143Z - error: Error 1: [object Object]
2021-05-27T02:53:53.170Z - error: Error 1: [object Object]
2021-05-27T02:53:53.194Z - error: Error 1: [object Object]
2021-05-27T02:53:53.220Z - error: Error 1: [object Object]
2021-05-27T02:53:53.245Z - error: Error 1: [object Object]
2021-05-27T02:53:53.272Z - error: Error 1: [object Object]
2021-05-27T02:53:53.296Z - error: Error 1: [object Object]
2021-05-27T02:53:53.322Z - error: Error 1: [object Object]
2021-05-27T02:53:53.348Z - error: Error 1: [object Object]
2021-05-27T02:53:53.374Z - error: Error 1: [object Object]
2021-05-27T02:53:53.402Z - error: Error 1: [object Object]
2021-05-27T02:53:53.403Z - error: Error 2: [object Object]
2021-05-27T02:53:53.426Z - error: Error 1: [object Object]
2021-05-27T02:53:53.450Z - error: Error 1: [object Object]
2021-05-27T02:53:53.476Z - error: Error 1: [object Object]
2021-05-27T02:53:53.500Z - error: Error 1: [object Object]
2021-05-27T02:53:53.526Z - error: Error 1: [object Object]
2021-05-27T02:53:53.551Z - error: Error 1: [object Object]
2021-05-27T02:53:53.576Z - error: Error 1: [object Object]
2021-05-27T02:53:53.602Z - error: Error 1: [object Object]
2021-05-27T02:53:53.628Z - error: Error 1: [object Object]
2021-05-27T02:53:53.653Z - error: Error 1: [object Object]
2021-05-27T02:53:53.678Z - error: Error 1: [object Object]
2021-05-27T02:53:53.704Z - error: Error 1: [object Object]
2021-05-27T02:53:53.730Z - error: Error 1: [object Object]
2021-05-27T02:53:53.755Z - error: Error 1: [object Object]
2021-05-27T02:53:53.778Z - error: Error 1: [object Object]
2021-05-27T02:53:53.806Z - error: Error 1: [object Object]
2021-05-27T02:53:53.832Z - error: Error 1: [object Object]
2021-05-27T02:53:53.857Z - error: Error 1: [object Object]
2021-05-27T02:53:53.881Z - error: Error 1: [object Object]
2021-05-27T02:53:53.933Z - error: Error 1: [object Object]
2021-05-27T02:53:53.935Z - error: Error 2: [object Object]
2021-05-27T02:53:53.959Z - error: Error 1: [object Object]
2021-05-27T02:53:53.984Z - error: Error 1: [object Object]
2021-05-27T02:53:54.012Z - error: Error 2: [object Object]
2021-05-27T02:53:54.012Z - error: Error 1: [object Object]
2021-05-27T02:53:54.035Z - error: Error 1: [object Object]
2021-05-27T02:53:54.061Z - error: Error 1: [object Object]
2021-05-27T02:53:54.086Z - error: Error 1: [object Object]
2021-05-27T02:53:54.110Z - error: Error 1: [object Object]
2021-05-27T02:53:54.137Z - error: Error 1: [object Object]
2021-05-27T02:53:54.163Z - error: Error 1: [object Object]
2021-05-27T02:53:54.188Z - error: Error 1: [object Object]
2021-05-27T02:53:54.212Z - error: Error 1: [object Object]
2021-05-27T02:53:54.239Z - error: Error 1: [object Object]
2021-05-27T02:53:54.265Z - error: Error 1: [object Object]
2021-05-27T02:53:54.290Z - error: Error 1: [object Object]
2021-05-27T02:53:54.314Z - error: Error 1: [object Object]
2021-05-27T02:53:54.341Z - error: Error 1: [object Object]
2021-05-27T02:53:54.366Z - error: Error 1: [object Object]
2021-05-27T02:53:54.391Z - error: Error 1: [object Object]
2021-05-27T02:53:54.416Z - error: Error 1: [object Object]
2021-05-27T02:53:54.467Z - error: Error 1: [object Object]
2021-05-27T02:53:54.491Z - error: Error 1: [object Object]
2021-05-27T02:53:54.543Z - error: Error 1: [object Object]
2021-05-27T02:53:54.569Z - error: Error 1: [object Object]
2021-05-27T02:53:54.595Z - error: Error 1: [object Object]
2021-05-27T02:53:54.620Z - error: Error 1: [object Object]
2021-05-27T02:53:54.645Z - error: Error 1: [object Object]
2021-05-27T02:53:54.672Z - error: Error 1: [object Object]
2021-05-27T02:53:54.697Z - error: Error 1: [object Object]
2021-05-27T02:53:54.722Z - error: Error 1: [object Object]
2021-05-27T02:53:54.750Z - error: Error 2: [object Object]
2021-05-27T02:53:54.752Z - error: Error 1: [object Object]
2021-05-27T02:53:54.774Z - error: Error 1: [object Object]
2021-05-27T02:53:54.799Z - error: Error 1: [object Object]
2021-05-27T02:53:54.824Z - error: Error 1: [object Object]
2021-05-27T02:53:54.849Z - error: Error 1: [object Object]
2021-05-27T02:53:54.876Z - error: Error 1: [object Object]
2021-05-27T02:53:54.901Z - error: Error 1: [object Object]
2021-05-27T02:53:54.926Z - error: Error 1: [object Object]
2021-05-27T02:53:54.952Z - error: Error 1: [object Object]
2021-05-27T02:53:54.978Z - error: Error 1: [object Object]
2021-05-27T02:53:55.001Z - error: Error 1: [object Object]
2021-05-27T02:53:55.010Z - error: Mcu not accept get config data
2021-05-27T02:53:55.028Z - error: Error 1: [object Object]
2021-05-27T02:53:55.035Z - error: Mcu not accept get config data
2021-05-27T02:53:55.073Z - error: Error 1: [object Object]
2021-05-27T02:53:55.078Z - error: Error 1: [object Object]
2021-05-27T02:53:55.080Z - error: Mcu not accept get config data
2021-05-27T02:53:55.111Z - error: Mcu not accept get config data
2021-05-27T02:53:55.136Z - error: Mcu not accept get config data
2021-05-27T02:53:55.154Z - error: Error 1: [object Object]
2021-05-27T02:53:55.175Z - error: Error 2: [object Object]
2021-05-27T02:53:55.187Z - error: Mcu not accept get config data
2021-05-27T02:53:55.201Z - error: Error 2: [object Object]
2021-05-27T02:53:55.212Z - error: Mcu not accept get config data
2021-05-27T02:53:55.227Z - error: Error 2: [object Object]
2021-05-27T02:53:55.238Z - error: Mcu not accept get config data
2021-05-27T02:53:55.264Z - error: Mcu not accept get config data
2021-05-27T02:53:55.279Z - error: Error 2: [object Object]
2021-05-27T02:53:55.289Z - error: Mcu not accept get config data
2021-05-27T02:53:55.304Z - error: Error 2: [object Object]
2021-05-27T02:53:55.314Z - error: Mcu not accept get config data
2021-05-27T02:53:55.329Z - error: Error 2: [object Object]
2021-05-27T02:53:55.339Z - error: Mcu not accept get config data
2021-05-27T02:53:55.355Z - error: Error 2: [object Object]
2021-05-27T02:53:55.366Z - error: Mcu not accept get config data
2021-05-27T02:53:55.381Z - error: Error 2: [object Object]
2021-05-27T02:53:55.406Z - error: Error 2: [object Object]
2021-05-27T02:53:55.430Z - error: Error 2: [object Object]
2021-05-27T02:53:55.457Z - error: Error 2: [object Object]
2021-05-27T02:53:55.483Z - error: Error 2: [object Object]
2021-05-27T02:53:55.509Z - error: Error 2: [object Object]
2021-05-27T02:53:55.535Z - error: Error 2: [object Object]
2021-05-27T02:53:55.561Z - error: Error 2: [object Object]
2021-05-27T02:53:55.664Z - error: Mcu not accept get config data
2021-05-27T02:53:55.998Z - error: Mcu not accept get config data
2021-05-27T02:53:56.024Z - error: Mcu not accept get config data
2021-05-27T02:53:56.050Z - error: Mcu not accept get config data
2021-05-27T02:53:56.076Z - error: Mcu not accept get config data
2021-05-27T02:53:56.102Z - error: Mcu not accept get config data
2021-05-27T02:53:56.128Z - error: Mcu not accept get config data
2021-05-27T02:53:56.154Z - error: Mcu not accept get config data
2021-05-27T02:53:56.180Z - error: Mcu not accept get config data
2021-05-27T02:53:56.206Z - error: Mcu not accept get config data
2021-05-27T02:53:56.231Z - error: Mcu not accept get config data
2021-05-27T02:53:56.257Z - error: Mcu not accept get config data
2021-05-27T02:53:56.283Z - error: Mcu not accept get config data
2021-05-27T02:53:56.309Z - error: Mcu not accept get config data
2021-05-27T02:53:56.335Z - error: Mcu not accept get config data
2021-05-27T02:53:56.361Z - error: Mcu not accept get config data
2021-05-27T02:53:56.388Z - error: Mcu not accept get config data
2021-05-27T02:53:56.413Z - error: Mcu not accept get config data
2021-05-27T02:53:56.439Z - error: Mcu not accept get config data
2021-05-27T02:53:56.465Z - error: Mcu not accept get config data
2021-05-27T02:53:56.491Z - error: Mcu not accept get config data
2021-05-27T02:53:56.518Z - error: Mcu not accept get config data
2021-05-27T02:53:56.547Z - error: Mcu not accept get config data
2021-05-27T02:53:56.570Z - error: Mcu not accept get config data
2021-05-27T02:53:56.596Z - error: Mcu not accept get config data
2021-05-27T02:53:56.622Z - error: Mcu not accept get config data
2021-05-27T02:53:56.648Z - error: Mcu not accept get config data
2021-05-27T02:53:56.674Z - error: Mcu not accept get config data
2021-05-27T02:53:56.704Z - error: Mcu not accept get config data
2021-05-27T02:53:56.726Z - error: Mcu not accept get config data
2021-05-27T02:53:56.752Z - error: Mcu not accept get config data
2021-05-27T02:53:56.778Z - error: Mcu not accept get config data
2021-05-27T02:53:56.804Z - error: Mcu not accept get config data
2021-05-27T02:53:56.830Z - error: Mcu not accept get config data
2021-05-27T02:53:56.856Z - error: Mcu not accept get config data
2021-05-27T02:53:56.882Z - error: Mcu not accept get config data
2021-05-27T02:53:56.908Z - error: Mcu not accept get config data
2021-05-27T02:53:56.934Z - error: Mcu not accept get config data
2021-05-27T02:53:56.960Z - error: Mcu not accept get config data
2021-05-27T02:53:56.986Z - error: Mcu not accept get config data
2021-05-27T02:53:57.012Z - error: Mcu not accept get config data
2021-05-27T02:53:57.040Z - error: Mcu not accept get config data
2021-05-27T02:53:57.064Z - error: Mcu not accept get config data
2021-05-27T02:53:57.090Z - error: Mcu not accept get config data
2021-05-27T02:53:57.116Z - error: Mcu not accept get config data
2021-05-27T02:53:57.142Z - error: Mcu not accept get config data
2021-05-27T02:53:57.168Z - error: Mcu not accept get config data
2021-05-27T02:53:57.194Z - error: Mcu not accept get config data
2021-05-27T02:53:57.220Z - error: Mcu not accept get config data
2021-05-27T02:53:57.246Z - error: Mcu not accept get config data
2021-05-27T02:53:57.272Z - error: Mcu not accept get config data
2021-05-27T02:53:57.298Z - error: Mcu not accept get config data
2021-05-27T02:53:57.324Z - error: Mcu not accept get config data
2021-05-27T02:53:57.350Z - error: Mcu not accept get config data
2021-05-27T02:53:57.376Z - error: Mcu not accept get config data
2021-05-27T02:53:57.402Z - error: Mcu not accept get config data
2021-05-27T02:53:57.428Z - error: Mcu not accept get config data
2021-05-27T02:53:57.454Z - error: Mcu not accept get config data
2021-05-27T02:53:57.480Z - error: Mcu not accept get config data
2021-05-27T02:53:57.506Z - error: Mcu not accept get config data
2021-05-27T02:53:57.532Z - error: Mcu not accept get config data
2021-05-27T02:53:57.558Z - error: Mcu not accept get config data
2021-05-27T02:53:57.584Z - error: Mcu not accept get config data
2021-05-27T02:53:57.611Z - error: Mcu not accept get config data
2021-05-27T02:53:57.637Z - error: Mcu not accept get config data
2021-05-27T02:53:57.662Z - error: Mcu not accept get config data
2021-05-27T02:53:57.688Z - error: Mcu not accept get config data
2021-05-27T02:53:57.693Z - error: Error 2: [object Object]
2021-05-27T02:53:57.714Z - error: Mcu not accept get config data
2021-05-27T02:53:57.740Z - error: Mcu not accept get config data
2021-05-27T02:53:57.766Z - error: Mcu not accept get config data
2021-05-27T02:53:57.795Z - error: Mcu not accept get config data
2021-05-27T02:53:57.818Z - error: Mcu not accept get config data
2021-05-27T02:53:57.844Z - error: Mcu not accept get config data
2021-05-27T02:53:57.870Z - error: Mcu not accept get config data
2021-05-27T02:53:57.896Z - error: Mcu not accept get config data
2021-05-27T02:53:57.922Z - error: Mcu not accept get config data
2021-05-27T02:53:57.948Z - error: Mcu not accept get config data
2021-05-27T02:53:57.974Z - error: Mcu not accept get config data
2021-05-27T02:53:58.000Z - error: Mcu not accept get config data
2021-05-27T02:53:58.026Z - error: Mcu not accept get config data
2021-05-27T02:53:58.052Z - error: Mcu not accept get config data
2021-05-27T02:53:58.078Z - error: Mcu not accept get config data
2021-05-27T02:53:58.129Z - error: Mcu not accept get config data
2021-05-27T02:53:58.155Z - error: Mcu not accept get config data
2021-05-27T02:53:58.181Z - error: Mcu not accept get config data
2021-05-27T02:53:58.207Z - error: Mcu not accept get config data
2021-05-27T02:53:58.233Z - error: Mcu not accept get config data
2021-05-27T02:53:58.259Z - error: Mcu not accept get config data
2021-05-27T02:53:58.285Z - error: Mcu not accept get config data
2021-05-27T02:53:58.311Z - error: Mcu not accept get config data
2021-05-27T02:53:58.337Z - error: Mcu not accept get config data
2021-05-27T02:53:58.363Z - error: Mcu not accept get config data
2021-05-27T02:53:58.389Z - error: Mcu not accept get config data
2021-05-27T02:53:58.415Z - error: Mcu not accept get config data
2021-05-27T02:53:58.441Z - error: Mcu not accept get config data
2021-05-27T02:53:58.467Z - error: Mcu not accept get config data
2021-05-27T02:53:58.493Z - error: Mcu not accept get config data
2021-05-27T02:53:58.519Z - error: Mcu not accept get config data
2021-05-27T02:53:58.545Z - error: Mcu not accept get config data
2021-05-27T02:53:58.571Z - error: Mcu not accept get config data
2021-05-27T02:53:58.597Z - error: Mcu not accept get config data
2021-05-27T02:53:58.622Z - error: Mcu not accept get config data
2021-05-27T02:53:58.649Z - error: Mcu not accept get config data
2021-05-27T02:53:58.675Z - error: Mcu not accept get config data
2021-05-27T02:53:58.701Z - error: Mcu not accept get config data
2021-05-27T02:53:58.727Z - error: Mcu not accept get config data
2021-05-27T02:53:58.753Z - error: Mcu not accept get config data
2021-05-27T02:53:58.780Z - error: Mcu not accept get config data
2021-05-27T02:53:58.805Z - error: Mcu not accept get config data
2021-05-27T02:53:58.832Z - error: Mcu not accept get config data
2021-05-27T02:53:58.857Z - error: Mcu not accept get config data
2021-05-27T02:53:58.883Z - error: Mcu not accept get config data
2021-05-27T02:53:58.909Z - error: Mcu not accept get config data
2021-05-27T02:53:58.935Z - error: Mcu not accept get config data
2021-05-27T02:53:58.962Z - error: Mcu not accept get config data
2021-05-27T02:53:58.987Z - error: Mcu not accept get config data
2021-05-27T02:53:59.014Z - error: Mcu not accept get config data
2021-05-27T02:53:59.039Z - error: Mcu not accept get config data
2021-05-27T02:53:59.065Z - error: Mcu not accept get config data
2021-05-27T02:53:59.092Z - error: Mcu not accept get config data
2021-05-27T02:53:59.117Z - error: Mcu not accept get config data
2021-05-27T02:53:59.143Z - error: Mcu not accept get config data
2021-05-27T02:53:59.169Z - error: Mcu not accept get config data
2021-05-27T02:53:59.195Z - error: Mcu not accept get config data
2021-05-27T02:53:59.223Z - error: Mcu not accept get config data
2021-05-27T02:53:59.248Z - error: Mcu not accept get config data
2021-05-27T02:53:59.274Z - error: Mcu not accept get config data
2021-05-27T02:53:59.305Z - error: Mcu not accept get config data
2021-05-27T02:53:59.326Z - error: Mcu not accept get config data
2021-05-27T02:53:59.352Z - error: Mcu not accept get config data
2021-05-27T02:53:59.378Z - error: Mcu not accept get config data
2021-05-27T02:53:59.405Z - error: Mcu not accept get config data
2021-05-27T02:53:59.431Z - error: Mcu not accept get config data
2021-05-27T02:53:59.455Z - error: Mcu not accept get config data
2021-05-27T02:53:59.482Z - error: Mcu not accept get config data
2021-05-27T02:53:59.508Z - error: Mcu not accept get config data
2021-05-27T02:53:59.534Z - error: Mcu not accept get config data
2021-05-27T02:53:59.560Z - error: Mcu not accept get config data
2021-05-27T02:53:59.586Z - error: Mcu not accept get config data
2021-05-27T02:53:59.612Z - error: Mcu not accept get config data
2021-05-27T02:53:59.637Z - error: Mcu not accept get config data
2021-05-27T02:53:59.664Z - error: Mcu not accept get config data
2021-05-27T02:53:59.690Z - error: Mcu not accept get config data
2021-05-27T02:53:59.718Z - error: Mcu not accept get config data
2021-05-27T02:53:59.741Z - error: Mcu not accept get config data
2021-05-27T02:53:59.767Z - error: Mcu not accept get config data
2021-05-27T02:53:59.800Z - error: Error 2: [object Object]
2021-05-27T02:53:59.820Z - error: Mcu not accept get config data
2021-05-27T02:53:59.846Z - error: Mcu not accept get config data
2021-05-27T02:53:59.872Z - error: Mcu not accept get config data
2021-05-27T02:53:59.896Z - error: Mcu not accept get config data
2021-05-27T02:53:59.897Z - error: Error 1: [object Object]
2021-05-27T02:53:59.927Z - error: Mcu not accept get config data
2021-05-27T02:53:59.953Z - error: Mcu not accept get config data
2021-05-27T02:53:59.979Z - error: Mcu not accept get config data
2021-05-27T02:54:00.008Z - error: Mcu not accept get config data
2021-05-27T02:54:00.031Z - error: Mcu not accept get config data
2021-05-27T02:54:00.057Z - error: Mcu not accept get config data
2021-05-27T02:54:00.082Z - error: Mcu not accept get config data
2021-05-27T02:54:00.109Z - error: Mcu not accept get config data
2021-05-27T02:54:00.134Z - error: Mcu not accept get config data
2021-05-27T02:54:00.161Z - error: Mcu not accept get config data
2021-05-27T02:54:00.186Z - error: Mcu not accept get config data
2021-05-27T02:54:00.238Z - error: Mcu not accept get config data
2021-05-27T02:54:00.263Z - error: Mcu not accept get config data
2021-05-27T02:54:00.288Z - error: Mcu not accept get config data
2021-05-27T02:54:00.314Z - error: Mcu not accept get config data
2021-05-27T02:54:00.340Z - error: Mcu not accept get config data
2021-05-27T02:54:00.364Z - error: Mcu not accept get config data
2021-05-27T02:54:00.389Z - error: Mcu not accept get config data
2021-05-27T02:54:00.418Z - error: Mcu not accept get config data
2021-05-27T02:54:00.443Z - error: Mcu not accept get config data
2021-05-27T02:54:00.470Z - error: Mcu not accept get config data
2021-05-27T02:54:00.495Z - error: Mcu not accept get config data
2021-05-27T02:54:00.522Z - error: Mcu not accept get config data
2021-05-27T02:54:00.546Z - error: Mcu not accept get config data
2021-05-27T02:54:00.573Z - error: Mcu not accept get config data
2021-05-27T02:54:00.599Z - error: Mcu not accept get config data
2021-05-27T02:54:00.625Z - error: Mcu not accept get config data
2021-05-27T02:54:00.650Z - error: Mcu not accept get config data
2021-05-27T02:54:00.677Z - error: Mcu not accept get config data
2021-05-27T02:54:00.702Z - error: Mcu not accept get config data
2021-05-27T02:54:00.729Z - error: Mcu not accept get config data
2021-05-27T02:54:00.753Z - error: Mcu not accept get config data
2021-05-27T02:54:00.780Z - error: Mcu not accept get config data
2021-05-27T02:54:00.806Z - error: Mcu not accept get config data
2021-05-27T02:54:00.832Z - error: Mcu not accept get config data
2021-05-27T02:54:00.858Z - error: Mcu not accept get config data
2021-05-27T02:54:00.883Z - error: Mcu not accept get config data
2021-05-27T02:54:00.910Z - error: Mcu not accept get config data
2021-05-27T02:54:00.936Z - error: Mcu not accept get config data
2021-05-27T02:54:00.962Z - error: Mcu not accept get config data
2021-05-27T02:54:00.987Z - error: Mcu not accept get config data
2021-05-27T02:54:01.014Z - error: Mcu not accept get config data
2021-05-27T02:54:01.038Z - error: Mcu not accept get config data
2021-05-27T02:54:01.065Z - error: Mcu not accept get config data
2021-05-27T02:54:01.092Z - error: Mcu not accept get config data
2021-05-27T02:54:01.118Z - error: Mcu not accept get config data
2021-05-27T02:54:01.143Z - error: Mcu not accept get config data
2021-05-27T02:54:01.168Z - error: Mcu not accept get config data
2021-05-27T02:54:01.194Z - error: Mcu not accept get config data
2021-05-27T02:54:01.222Z - error: Mcu not accept get config data
2021-05-27T02:54:01.247Z - error: Mcu not accept get config data
2021-05-27T02:54:01.273Z - error: Mcu not accept get config data
2021-05-27T02:54:01.300Z - error: Mcu not accept get config data
2021-05-27T02:54:01.325Z - error: Mcu not accept get config data
2021-05-27T02:54:01.352Z - error: Mcu not accept get config data
2021-05-27T02:54:01.377Z - error: Mcu not accept get config data
2021-05-27T02:54:01.402Z - error: Mcu not accept get config data
2021-05-27T02:54:01.429Z - error: Mcu not accept get config data
2021-05-27T02:54:01.455Z - error: Mcu not accept get config data
2021-05-27T02:54:01.481Z - error: Mcu not accept get config data
2021-05-27T02:54:01.507Z - error: Mcu not accept get config data
2021-05-27T02:54:01.533Z - error: Mcu not accept get config data
2021-05-27T02:54:01.559Z - error: Mcu not accept get config data
2021-05-27T02:54:01.585Z - error: Mcu not accept get config data
2021-05-27T02:54:01.612Z - error: Mcu not accept get config data
2021-05-27T02:54:01.641Z - error: Mcu not accept get config data
2021-05-27T02:54:01.662Z - error: Mcu not accept get config data
2021-05-27T02:54:01.689Z - error: Mcu not accept get config data
2021-05-27T02:54:01.715Z - error: Mcu not accept get config data
2021-05-27T02:54:01.741Z - error: Mcu not accept get config data
2021-05-27T02:54:01.766Z - error: Mcu not accept get config data
2021-05-27T02:54:01.792Z - error: Mcu not accept get config data
2021-05-27T02:54:01.819Z - error: Mcu not accept get config data
2021-05-27T02:54:01.845Z - error: Mcu not accept get config data
2021-05-27T02:54:01.871Z - error: Mcu not accept get config data
2021-05-27T02:54:01.896Z - error: Mcu not accept get config data
2021-05-27T02:54:01.927Z - error: Mcu not accept get config data
2021-05-27T02:54:01.950Z - error: Mcu not accept get config data
2021-05-27T02:54:01.974Z - error: Mcu not accept get config data
2021-05-27T02:54:02.000Z - error: Mcu not accept get config data
2021-05-27T02:54:02.026Z - error: Mcu not accept get config data
2021-05-27T02:54:02.055Z - error: Mcu not accept get config data
2021-05-27T02:54:02.079Z - error: Mcu not accept get config data
2021-05-27T02:54:02.106Z - error: Mcu not accept get config data
2021-05-27T02:54:02.131Z - error: Mcu not accept get config data
2021-05-27T02:54:02.158Z - error: Mcu not accept get config data
2021-05-27T02:54:02.183Z - error: Mcu not accept get config data
2021-05-27T02:54:02.209Z - error: Mcu not accept get config data
2021-05-27T02:54:02.235Z - error: Mcu not accept get config data
2021-05-27T02:54:02.261Z - error: Mcu not accept get config data
2021-05-27T02:54:02.287Z - error: Mcu not accept get config data
2021-05-27T02:54:02.314Z - error: Mcu not accept get config data
2021-05-27T02:54:02.339Z - error: Mcu not accept get config data
2021-05-27T02:54:02.366Z - error: Mcu not accept get config data
2021-05-27T02:54:02.391Z - error: Mcu not accept get config data
2021-05-27T02:54:02.417Z - error: Mcu not accept get config data
2021-05-27T02:54:02.444Z - error: Mcu not accept get config data
2021-05-27T02:54:02.470Z - error: Mcu not accept get config data
2021-05-27T02:54:02.495Z - error: Mcu not accept get config data
2021-05-27T02:54:02.521Z - error: Mcu not accept get config data
2021-05-27T02:54:02.547Z - error: Mcu not accept get config data
2021-05-27T02:54:02.573Z - error: Mcu not accept get config data
2021-05-27T02:54:02.599Z - error: Mcu not accept get config data
2021-05-27T02:54:02.625Z - error: Mcu not accept get config data
2021-05-27T02:54:02.651Z - error: Mcu not accept get config data
2021-05-27T02:54:02.677Z - error: Mcu not accept get config data
2021-05-27T02:54:02.703Z - error: Mcu not accept get config data
2021-05-27T02:54:02.729Z - error: Mcu not accept get config data
2021-05-27T02:54:02.755Z - error: Mcu not accept get config data
2021-05-27T02:54:02.782Z - error: Mcu not accept get config data
2021-05-27T02:54:02.807Z - error: Mcu not accept get config data
2021-05-27T02:54:02.833Z - error: Mcu not accept get config data
2021-05-27T02:54:02.859Z - error: Mcu not accept get config data
2021-05-27T02:54:02.885Z - error: Mcu not accept get config data
2021-05-27T02:54:02.911Z - error: Mcu not accept get config data
2021-05-27T02:54:02.937Z - error: Mcu not accept get config data
2021-05-27T02:54:02.963Z - error: Mcu not accept get config data
2021-05-27T02:54:02.989Z - error: Mcu not accept get config data
2021-05-27T02:54:03.015Z - error: Mcu not accept get config data
2021-05-27T02:54:03.041Z - error: Mcu not accept get config data
2021-05-27T02:54:03.067Z - error: Mcu not accept get config data
2021-05-27T02:54:03.093Z - error: Mcu not accept get config data
2021-05-27T02:54:03.107Z - error: Error 2: [object Object]
2021-05-27T02:54:03.119Z - error: Mcu not accept get config data
2021-05-27T02:54:03.132Z - error: Error 2: [object Object]
2021-05-27T02:54:03.145Z - error: Mcu not accept get config data
2021-05-27T02:54:03.157Z - error: Error 2: [object Object]
2021-05-27T02:54:03.171Z - error: Mcu not accept get config data
2021-05-27T02:54:03.184Z - error: Error 2: [object Object]
2021-05-27T02:54:03.197Z - error: Mcu not accept get config data
2021-05-27T02:54:03.223Z - error: Mcu not accept get config data
2021-05-27T02:54:03.249Z - error: Mcu not accept get config data
2021-05-27T02:54:03.276Z - error: Mcu not accept get config data
2021-05-27T02:54:03.301Z - error: Mcu not accept get config data
2021-05-27T02:54:03.327Z - error: Mcu not accept get config data
2021-05-27T02:54:03.353Z - error: Mcu not accept get config data
2021-05-27T02:54:03.379Z - error: Mcu not accept get config data
2021-05-27T02:54:03.405Z - error: Mcu not accept get config data
2021-05-27T02:54:03.431Z - error: Mcu not accept get config data
2021-05-27T02:54:03.457Z - error: Mcu not accept get config data
2021-05-27T02:54:03.483Z - error: Mcu not accept get config data
2021-05-27T02:54:03.618Z - error: Mcu not accept get config data
2021-05-27T02:54:03.644Z - error: Mcu not accept get config data
2021-05-27T02:54:03.670Z - error: Mcu not accept get config data
2021-05-27T02:54:03.697Z - error: Mcu not accept get config data
2021-05-27T02:54:03.722Z - error: Mcu not accept get config data
2021-05-27T02:54:03.749Z - error: Mcu not accept get config data
2021-05-27T02:54:03.774Z - error: Mcu not accept get config data
2021-05-27T02:54:03.804Z - error: Mcu not accept get config data
2021-05-27T02:54:03.826Z - error: Mcu not accept get config data
2021-05-27T02:54:03.852Z - error: Mcu not accept get config data
2021-05-27T02:54:03.878Z - error: Mcu not accept get config data
2021-05-27T02:54:03.904Z - error: Mcu not accept get config data
2021-05-27T02:54:03.930Z - error: Mcu not accept get config data
2021-05-27T02:54:03.983Z - error: Mcu not accept get config data
2021-05-27T02:54:04.010Z - error: Mcu not accept get config data
2021-05-27T02:54:04.034Z - error: Mcu not accept get config data
2021-05-27T02:54:04.056Z - error: Error 1: [object Object]
2021-05-27T02:54:04.059Z - error: Mcu not accept get config data
2021-05-27T02:54:04.084Z - error: Mcu not accept get config data
2021-05-27T02:54:04.135Z - error: Mcu not accept get config data
2021-05-27T02:54:04.161Z - error: Mcu not accept get config data
2021-05-27T02:54:04.187Z - error: Mcu not accept get config data
2021-05-27T02:54:04.203Z - error: Error 1: [object Object]
2021-05-27T02:54:04.218Z - error: Error 2: [object Object]
2021-05-27T02:54:04.239Z - error: Mcu not accept get config data
2021-05-27T02:54:04.265Z - error: Mcu not accept get config data
2021-05-27T02:54:04.290Z - error: Mcu not accept get config data
2021-05-27T02:54:04.316Z - error: Mcu not accept get config data
2021-05-27T02:54:04.317Z - error: Error 1: [object Object]
2021-05-27T02:54:04.341Z - error: Mcu not accept get config data
2021-05-27T02:54:04.367Z - error: Mcu not accept get config data
2021-05-27T02:54:04.393Z - error: Mcu not accept get config data
2021-05-27T02:54:04.419Z - error: Mcu not accept get config data
2021-05-27T02:54:04.461Z - error: Mcu not accept get config data
2021-05-27T02:54:04.472Z - error: Mcu not accept get config data
2021-05-27T02:54:04.497Z - error: Mcu not accept get config data
2021-05-27T02:54:04.522Z - error: Mcu not accept get config data
2021-05-27T02:54:04.547Z - error: Mcu not accept get config data
2021-05-27T02:54:04.572Z - error: Mcu not accept get config data
2021-05-27T02:54:04.597Z - error: Mcu not accept get config data
2021-05-27T02:54:04.748Z - error: Error 1: [object Object]
2021-05-27T02:54:04.758Z - error: Mcu not accept get config data
2021-05-27T02:54:04.773Z - error: Error 1: [object Object]
2021-05-27T02:54:04.774Z - error: Error 2: [object Object]
2021-05-27T02:54:04.799Z - error: Error 1: [object Object]
2021-05-27T02:54:04.824Z - error: Error 1: [object Object]
2021-05-27T02:54:04.825Z - error: Error 2: [object Object]
2021-05-27T02:54:04.851Z - error: Error 2: [object Object]
2021-05-27T02:54:04.858Z - error: Mcu not accept get config data
2021-05-27T02:54:04.875Z - error: Error 2: [object Object]
2021-05-27T02:54:04.876Z - error: Error 1: [object Object]
2021-05-27T02:54:04.883Z - error: Mcu not accept get config data
2021-05-27T02:54:04.901Z - error: Error 2: [object Object]
2021-05-27T02:54:04.902Z - error: Error 1: [object Object]
2021-05-27T02:54:04.909Z - error: Mcu not accept get config data
2021-05-27T02:54:04.933Z - error: Error 2: [object Object]
2021-05-27T02:54:04.934Z - error: Error 1: [object Object]
2021-05-27T02:54:04.935Z - error: Mcu not accept get config data
2021-05-27T02:54:04.959Z - error: Mcu not accept get config data
2021-05-27T02:54:04.983Z - error: Mcu not accept get config data
2021-05-27T02:54:05.008Z - error: Mcu not accept get config data
2021-05-27T02:54:05.033Z - error: Mcu not accept get config data
2021-05-27T02:54:05.058Z - error: Mcu not accept get config data
2021-05-27T02:54:05.083Z - error: Mcu not accept get config data
2021-05-27T02:54:05.109Z - error: Mcu not accept get config data
2021-05-27T02:54:05.134Z - error: Mcu not accept get config data
2021-05-27T02:54:05.160Z - error: Mcu not accept get config data
2021-05-27T02:54:05.210Z - error: Mcu not accept get config data
2021-05-27T02:54:05.463Z - error: Error 1: [object Object]
2021-05-27T02:54:05.488Z - error: Error 1: [object Object]
2021-05-27T02:54:05.514Z - error: Error 1: [object Object]
2021-05-27T02:54:05.541Z - error: Error 1: [object Object]
2021-05-27T02:54:05.567Z - error: Error 1: [object Object]
2021-05-27T02:54:05.592Z - error: Error 1: [object Object]
2021-05-27T02:54:05.617Z - error: Error 1: [object Object]
2021-05-27T02:54:05.642Z - error: Error 1: [object Object]
2021-05-27T02:54:05.655Z - error: Mcu not accept get config data
2021-05-27T02:54:05.668Z - error: Error 1: [object Object]
2021-05-27T02:54:05.694Z - error: Error 1: [object Object]
2021-05-27T02:54:05.718Z - error: Error 1: [object Object]
2021-05-27T02:54:05.745Z - error: Error 2: [object Object]
2021-05-27T02:54:05.770Z - error: Error 2: [object Object]
2021-05-27T02:54:05.771Z - error: Error 1: [object Object]
2021-05-27T02:54:05.796Z - error: Error 2: [object Object]
2021-05-27T02:54:05.797Z - error: Error 1: [object Object]
2021-05-27T02:54:05.820Z - error: Error 2: [object Object]
2021-05-27T02:54:05.822Z - error: Error 1: [object Object]
2021-05-27T02:54:05.847Z - error: Error 2: [object Object]
2021-05-27T02:54:05.848Z - error: Error 1: [object Object]
2021-05-27T02:54:05.871Z - error: Error 2: [object Object]
2021-05-27T02:54:05.872Z - error: Error 1: [object Object]
2021-05-27T02:54:05.898Z - error: Error 1: [object Object]
2021-05-27T02:54:05.922Z - error: Error 1: [object Object]
2021-05-27T02:54:05.945Z - error: Error 1: [object Object]
2021-05-27T02:54:05.970Z - error: Error 1: [object Object]
2021-05-27T02:54:05.996Z - error: Error 1: [object Object]
2021-05-27T02:54:06.021Z - error: Error 1: [object Object]
2021-05-27T02:54:06.047Z - error: Error 1: [object Object]
2021-05-27T02:54:06.073Z - error: Error 1: [object Object]
2021-05-27T02:54:06.098Z - error: Error 1: [object Object]
2021-05-27T02:54:06.123Z - error: Error 1: [object Object]
2021-05-27T02:54:06.148Z - error: Error 1: [object Object]
2021-05-27T02:54:06.174Z - error: Error 1: [object Object]
2021-05-27T02:54:06.199Z - error: Error 1: [object Object]
2021-05-27T02:54:06.224Z - error: Error 1: [object Object]
2021-05-27T02:54:06.310Z - error: Mcu not accept get config data
2021-05-27T02:54:06.360Z - error: Mcu not accept get config data
2021-05-27T02:54:06.386Z - error: Mcu not accept get config data
2021-05-27T02:54:06.400Z - error: Error 2: [object Object]
2021-05-27T02:54:06.425Z - error: Error 2: [object Object]
2021-05-27T02:54:06.428Z - error: Error 1: [object Object]
2021-05-27T02:54:06.435Z - error: Mcu not accept get config data
2021-05-27T02:54:06.452Z - error: Error 2: [object Object]
2021-05-27T02:54:06.477Z - error: Error 2: [object Object]
2021-05-27T02:54:06.486Z - error: Mcu not accept get config data
2021-05-27T02:54:06.501Z - error: Error 2: [object Object]
2021-05-27T02:54:06.503Z - error: Error 1: [object Object]
2021-05-27T02:54:06.527Z - error: Error 2: [object Object]
2021-05-27T02:54:06.537Z - error: Mcu not accept get config data
2021-05-27T02:54:06.551Z - error: Error 2: [object Object]
2021-05-27T02:54:06.554Z - error: Error 1: [object Object]
2021-05-27T02:54:06.578Z - error: Error 2: [object Object]
2021-05-27T02:54:06.588Z - error: Mcu not accept get config data
2021-05-27T02:54:06.602Z - error: Error 2: [object Object]
2021-05-27T02:54:06.605Z - error: Error 1: [object Object]
2021-05-27T02:54:06.629Z - error: Error 2: [object Object]
2021-05-27T02:54:06.654Z - error: Error 2: [object Object]
2021-05-27T02:54:06.656Z - error: Error 1: [object Object]
2021-05-27T02:54:06.664Z - error: Mcu not accept get config data
2021-05-27T02:54:06.679Z - error: Error 2: [object Object]
2021-05-27T02:54:06.705Z - error: Error 2: [object Object]
2021-05-27T02:54:06.707Z - error: Error 1: [object Object]
2021-05-27T02:54:06.715Z - error: Mcu not accept get config data
2021-05-27T02:54:06.729Z - error: Error 2: [object Object]
2021-05-27T02:54:06.731Z - error: Error 1: [object Object]
2021-05-27T02:54:06.756Z - error: Error 2: [object Object]
2021-05-27T02:54:06.780Z - error: Error 2: [object Object]
2021-05-27T02:54:06.782Z - error: Error 1: [object Object]
2021-05-27T02:54:06.806Z - error: Error 2: [object Object]
2021-05-27T02:54:06.830Z - error: Error 1: [object Object]
2021-05-27T02:54:06.855Z - error: Error 1: [object Object]
2021-05-27T02:54:06.879Z - error: Error 1: [object Object]
2021-05-27T02:54:07.243Z - error: Mcu not accept get config data
2021-05-27T02:54:07.272Z - error: Mcu not accept get config data
2021-05-27T02:54:07.294Z - error: Mcu not accept get config data
2021-05-27T02:54:07.320Z - error: Mcu not accept get config data
2021-05-27T02:54:07.333Z - error: Error 2: [object Object]
2021-05-27T02:54:07.345Z - error: Mcu not accept get config data
2021-05-27T02:54:07.370Z - error: Mcu not accept get config data
2021-05-27T02:54:07.383Z - error: Error 2: [object Object]
2021-05-27T02:54:07.395Z - error: Mcu not accept get config data
2021-05-27T02:54:07.419Z - error: Mcu not accept get config data
2021-05-27T02:54:07.434Z - error: Error 2: [object Object]
2021-05-27T02:54:07.444Z - error: Mcu not accept get config data
2021-05-27T02:54:07.459Z - error: Error 2: [object Object]
2021-05-27T02:54:07.469Z - error: Mcu not accept get config data
2021-05-27T02:54:07.484Z - error: Error 2: [object Object]
2021-05-27T02:54:07.494Z - error: Mcu not accept get config data
2021-05-27T02:54:07.509Z - error: Error 2: [object Object]
2021-05-27T02:54:07.520Z - error: Mcu not accept get config data
2021-05-27T02:54:07.535Z - error: Error 2: [object Object]
2021-05-27T02:54:07.545Z - error: Mcu not accept get config data
2021-05-27T02:54:07.560Z - error: Error 2: [object Object]
2021-05-27T02:54:07.570Z - error: Mcu not accept get config data
2021-05-27T02:54:07.585Z - error: Error 2: [object Object]
2021-05-27T02:54:07.611Z - error: Error 2: [object Object]
2021-05-27T02:54:07.636Z - error: Error 2: [object Object]
2021-05-27T02:54:07.661Z - error: Error 2: [object Object]
2021-05-27T02:54:07.687Z - error: Error 2: [object Object]
2021-05-27T02:54:07.688Z - error: Error 1: [object Object]
2021-05-27T02:54:07.714Z - error: Error 2: [object Object]
2021-05-27T02:54:07.714Z - error: Error 1: [object Object]
2021-05-27T02:54:07.722Z - error: Mcu not accept get config data
2021-05-27T02:54:07.737Z - error: Error 2: [object Object]
2021-05-27T02:54:07.738Z - error: Error 1: [object Object]
2021-05-27T02:54:07.762Z - error: Error 2: [object Object]
2021-05-27T02:54:07.764Z - error: Error 1: [object Object]
2021-05-27T02:54:07.787Z - error: Error 2: [object Object]
2021-05-27T02:54:07.788Z - error: Error 1: [object Object]
2021-05-27T02:54:07.814Z - error: Error 2: [object Object]
2021-05-27T02:54:07.863Z - error: Error 1: [object Object]
2021-05-27T02:54:07.912Z - error: Error 1: [object Object]
2021-05-27T02:54:08.250Z - error: Mcu not accept get config data
2021-05-27T02:54:08.276Z - error: Mcu not accept get config data
2021-05-27T02:54:08.301Z - error: Mcu not accept get config data
2021-05-27T02:54:08.326Z - error: Mcu not accept get config data
2021-05-27T02:54:08.340Z - error: Error 2: [object Object]
2021-05-27T02:54:08.351Z - error: Mcu not accept get config data
2021-05-27T02:54:08.365Z - error: Error 2: [object Object]
2021-05-27T02:54:08.377Z - error: Mcu not accept get config data
2021-05-27T02:54:08.390Z - error: Error 2: [object Object]
2021-05-27T02:54:08.401Z - error: Mcu not accept get config data
2021-05-27T02:54:08.415Z - error: Error 2: [object Object]
2021-05-27T02:54:08.427Z - error: Mcu not accept get config data
2021-05-27T02:54:08.441Z - error: Error 2: [object Object]
2021-05-27T02:54:08.451Z - error: Mcu not accept get config data
2021-05-27T02:54:08.466Z - error: Error 2: [object Object]
2021-05-27T02:54:08.476Z - error: Mcu not accept get config data
2021-05-27T02:54:08.491Z - error: Error 2: [object Object]
2021-05-27T02:54:08.502Z - error: Mcu not accept get config data
2021-05-27T02:54:08.516Z - error: Error 2: [object Object]
2021-05-27T02:54:08.526Z - error: Mcu not accept get config data
2021-05-27T02:54:08.542Z - error: Error 2: [object Object]
2021-05-27T02:54:08.551Z - error: Mcu not accept get config data
2021-05-27T02:54:08.567Z - error: Error 2: [object Object]
2021-05-27T02:54:08.576Z - error: Mcu not accept get config data
2021-05-27T02:54:08.592Z - error: Error 2: [object Object]
2021-05-27T02:54:08.601Z - error: Mcu not accept get config data
2021-05-27T02:54:08.617Z - error: Error 2: [object Object]
2021-05-27T02:54:08.626Z - error: Mcu not accept get config data
2021-05-27T02:54:08.643Z - error: Error 2: [object Object]
2021-05-27T02:54:08.669Z - error: Error 2: [object Object]
2021-05-27T02:54:08.694Z - error: Error 2: [object Object]
2021-05-27T02:54:08.718Z - error: Error 2: [object Object]
2021-05-27T02:54:08.744Z - error: Error 2: [object Object]
2021-05-27T02:54:08.745Z - error: Error 1: [object Object]
2021-05-27T02:54:08.769Z - error: Error 2: [object Object]
2021-05-27T02:54:08.770Z - error: Error 1: [object Object]
2021-05-27T02:54:08.795Z - error: Error 2: [object Object]
2021-05-27T02:54:08.796Z - error: Error 1: [object Object]
2021-05-27T02:54:08.819Z - error: Error 1: [object Object]
2021-05-27T02:54:25.133Z - error: Error 11.0 - Timed out
2021-05-27T02:54:40.773Z - error: Error 11.0 - Timed out
2021-05-27T02:55:16.381Z - error: Error 11.0 - Timed out
2021-05-27T02:55:25.125Z - error: Error 11.0 - Timed out
2021-05-27T02:55:33.609Z - error: Error 11.0 - Timed out
2021-05-27T02:55:42.217Z - error: Error 11.0 - Timed out
2021-05-27T02:56:12.940Z - error: Error 11.0 - Timed out
2021-05-27T02:56:21.413Z - error: Error 11.0 - Timed out
2021-05-27T02:56:29.850Z - error: Error 11.0 - Timed out
2021-05-27T02:56:38.320Z - error: Error 11.0 - Timed out
2021-05-27T03:03:31.293Z - error: Error 11.0 - Timed out
2021-05-27T03:03:46.263Z - error: Error 11.0 - Timed out
2021-05-27T03:07:00.834Z - error: RequestError: getaddrinfo ENOTFOUND dweet.io dweet.io:443
2021-05-27T03:07:00.954Z - error: RequestError: getaddrinfo ENOTFOUND dweet.io dweet.io:443
2021-05-27T03:07:01.011Z - error: RequestError: getaddrinfo ENOTFOUND dweet.io dweet.io:443
2021-05-27T03:07:01.064Z - error: RequestError: getaddrinfo ENOTFOUND dweet.io dweet.io:443
2021-05-27T03:14:19.261Z - error: RequestError: getaddrinfo ENOTFOUND dweet.io dweet.io:443
2021-05-27T03:14:19.378Z - error: RequestError: getaddrinfo ENOTFOUND dweet.io dweet.io:443
2021-05-27T03:14:19.436Z - error: RequestError: getaddrinfo ENOTFOUND dweet.io dweet.io:443
2021-05-27T03:14:19.506Z - error: RequestError: getaddrinfo ENOTFOUND dweet.io dweet.io:443
